<?xml version="1.0" encoding="UTF-8"?>
<!-- Generated by org.testng.reporters.JUnitXMLReporter -->
<testsuite ignored="0" hostname="MGTECHLPT311" failures="0" tests="3" name="ChromeBrowserTest" time="17.122" errors="0" timestamp="2023-06-12T09:24:40 IST">
  <testcase classname="TestClass.TC_009_EndToEnd_Test" name="IndexPage_Test" time="1.014"/>
  <testcase classname="TestClass.TC_009_EndToEnd_Test" name="ProductSearchPage_Test" time="2.366"/>
  <testcase classname="TestClass.TC_009_EndToEnd_Test" name="ShopingCartPage_Test" time="4.319"/>
</testsuite> <!-- ChromeBrowserTest -->
