<?xml version="1.0" encoding="UTF-8"?>
<!-- Generated by org.testng.reporters.JUnitXMLReporter -->
<testsuite ignored="0" hostname="MGTECHLPT311" failures="2" tests="2" name="ChromeBrowserTest" time="11.131" errors="0" timestamp="2023-06-14T22:25:22 IST">
  <testcase classname="TestClass.TC_002_LogInPage_Test" name="LogInPage_Test" time="0.786">
    <failure type="java.util.MissingResourceException" message="Can&amp;apos;t find resource for bundle java.util.PropertyResourceBundle, key Passwor">
      <![CDATA[java.util.MissingResourceException: Can't find resource for bundle java.util.PropertyResourceBundle, key Passwor
at java.base/java.util.ResourceBundle.getObject(ResourceBundle.java:564)
at java.base/java.util.ResourceBundle.getString(ResourceBundle.java:521)
at TestClass.TC_002_LogInPage_Test.LogInPage_Test(TC_002_LogInPage_Test.java:37)
at java.base/java.util.ArrayList.forEach(ArrayList.java:1511)
at java.base/java.util.concurrent.FutureTask.run(FutureTask.java:264)
at java.base/java.util.concurrent.ThreadPoolExecutor.runWorker(ThreadPoolExecutor.java:1136)
at java.base/java.util.concurrent.ThreadPoolExecutor$Worker.run(ThreadPoolExecutor.java:635)
at java.base/java.lang.Thread.run(Thread.java:833)
... Removed 17 stack frames]]>
    </failure>
  </testcase> <!-- LogInPage_Test -->
  <testcase classname="TestClass.TC_002_LogInPage_Test" name="LogInConif_Test" time="0.004">
    <failure type="java.lang.NullPointerException" message="Cannot invoke &amp;quot;PageObjects.HomePage.VerifyLogin()&amp;quot; because &amp;quot;this.homepage&amp;quot; is null">
      <![CDATA[java.lang.NullPointerException: Cannot invoke "PageObjects.HomePage.VerifyLogin()" because "this.homepage" is null
at TestClass.TC_002_LogInPage_Test.LogInConif_Test(TC_002_LogInPage_Test.java:43)
at java.base/java.util.ArrayList.forEach(ArrayList.java:1511)
at java.base/java.util.concurrent.FutureTask.run(FutureTask.java:264)
at java.base/java.util.concurrent.ThreadPoolExecutor.runWorker(ThreadPoolExecutor.java:1136)
at java.base/java.util.concurrent.ThreadPoolExecutor$Worker.run(ThreadPoolExecutor.java:635)
at java.base/java.lang.Thread.run(Thread.java:833)
... Removed 17 stack frames]]>
    </failure>
  </testcase> <!-- LogInConif_Test -->
</testsuite> <!-- ChromeBrowserTest -->
