<?xml version="1.0" encoding="UTF-8"?>
<testng-results ignored="0" total="2" passed="2" failed="0" skipped="0">
  <reporter-output>
  </reporter-output>
  <suite started-at="2023-06-13T12:27:23 IST" name="My_Suite" finished-at="2023-06-13T12:27:35 IST" duration-ms="12394">
    <groups>
      <group name="Sanity">
        <method signature="TC_002_LogInPage_Test.LogInPage_Test()[pri:-1, instance:TestClass.TC_002_LogInPage_Test@1e6a3214]" name="LogInPage_Test" class="TestClass.TC_002_LogInPage_Test"/>
      </group> <!-- Sanity -->
    </groups>
    <test started-at="2023-06-13T12:27:23 IST" name="ChromeBrowserTest" finished-at="2023-06-13T12:27:35 IST" duration-ms="12394">
      <class name="TestClass.TC_002_LogInPage_Test">
        <test-method is-config="true" signature="Launch_Application()[pri:0, instance:TestClass.TC_002_LogInPage_Test@1e6a3214]" started-at="2023-06-13T12:27:23 IST" name="Launch_Application" finished-at="2023-06-13T12:27:32 IST" duration-ms="8877" status="PASS">
          <reporter-output>
          </reporter-output>
        </test-method> <!-- Launch_Application -->
        <test-method signature="LogInPage_Test()[pri:-1, instance:TestClass.TC_002_LogInPage_Test@1e6a3214]" started-at="2023-06-13T12:27:32 IST" name="LogInPage_Test" finished-at="2023-06-13T12:27:33 IST" duration-ms="1434" status="PASS">
          <reporter-output>
          </reporter-output>
        </test-method> <!-- LogInPage_Test -->
        <test-method signature="LogInConif_Test()[pri:0, instance:TestClass.TC_002_LogInPage_Test@1e6a3214]" started-at="2023-06-13T12:27:33 IST" name="LogInConif_Test" finished-at="2023-06-13T12:27:34 IST" duration-ms="897" status="PASS">
          <reporter-output>
          </reporter-output>
        </test-method> <!-- LogInConif_Test -->
        <test-method is-config="true" signature="Application_Close()[pri:0, instance:TestClass.TC_002_LogInPage_Test@1e6a3214]" started-at="2023-06-13T12:27:34 IST" name="Application_Close" finished-at="2023-06-13T12:27:35 IST" duration-ms="852" status="PASS">
          <reporter-output>
          </reporter-output>
        </test-method> <!-- Application_Close -->
      </class> <!-- TestClass.TC_002_LogInPage_Test -->
    </test> <!-- ChromeBrowserTest -->
  </suite> <!-- My_Suite -->
</testng-results>
