<?xml version="1.0" encoding="UTF-8"?>
<testng-results ignored="0" total="3" passed="3" failed="0" skipped="0">
  <reporter-output>
  </reporter-output>
  <suite started-at="2023-06-12T09:24:22 IST" name="My_Suite" finished-at="2023-06-12T09:24:39 IST" duration-ms="17122">
    <groups>
    </groups>
    <test started-at="2023-06-12T09:24:22 IST" name="ChromeBrowserTest" finished-at="2023-06-12T09:24:39 IST" duration-ms="17122">
      <class name="TestClass.TC_009_EndToEnd_Test">
        <test-method is-config="true" signature="Launch_Application()[pri:0, instance:TestClass.TC_009_EndToEnd_Test@368247b9]" started-at="2023-06-12T09:24:22 IST" name="Launch_Application" finished-at="2023-06-12T09:24:31 IST" duration-ms="8194" status="PASS">
          <reporter-output>
          </reporter-output>
        </test-method> <!-- Launch_Application -->
        <test-method signature="IndexPage_Test()[pri:1, instance:TestClass.TC_009_EndToEnd_Test@368247b9]" started-at="2023-06-12T09:24:31 IST" name="IndexPage_Test" finished-at="2023-06-12T09:24:32 IST" duration-ms="1014" status="PASS">
          <reporter-output>
          </reporter-output>
        </test-method> <!-- IndexPage_Test -->
        <test-method signature="ProductSearchPage_Test()[pri:2, instance:TestClass.TC_009_EndToEnd_Test@368247b9]" started-at="2023-06-12T09:24:32 IST" name="ProductSearchPage_Test" finished-at="2023-06-12T09:24:34 IST" duration-ms="2366" status="PASS">
          <reporter-output>
          </reporter-output>
        </test-method> <!-- ProductSearchPage_Test -->
        <test-method signature="ShopingCartPage_Test()[pri:3, instance:TestClass.TC_009_EndToEnd_Test@368247b9]" started-at="2023-06-12T09:24:34 IST" name="ShopingCartPage_Test" finished-at="2023-06-12T09:24:38 IST" duration-ms="4319" status="PASS">
          <reporter-output>
          </reporter-output>
        </test-method> <!-- ShopingCartPage_Test -->
        <test-method is-config="true" signature="Application_Close()[pri:0, instance:TestClass.TC_009_EndToEnd_Test@368247b9]" started-at="2023-06-12T09:24:38 IST" name="Application_Close" finished-at="2023-06-12T09:24:39 IST" duration-ms="903" status="PASS">
          <reporter-output>
          </reporter-output>
        </test-method> <!-- Application_Close -->
      </class> <!-- TestClass.TC_009_EndToEnd_Test -->
    </test> <!-- ChromeBrowserTest -->
  </suite> <!-- My_Suite -->
</testng-results>
